<?xml version="1.0" encoding="UTF-8" ?>
<testsuite tests="14" failures="0" name="calendar.ApptTest" time="0.015" errors="1" skipped="0">
  <properties>
[...]
</properties>
  <testcase classname="calendar.ApptTest" name="test01" time="0.007"/>
  <testcase classname="calendar.ApptTest" name="test02" time="0"/>
  <testcase classname="calendar.ApptTest" name="test04" time="0.007">
    <error message="99" type="java.lang.ArrayIndexOutOfBoundsException">java.lang.ArrayIndexOutOfBoundsException: 99
	at calendar.CalendarUtil.NumDaysInMonth(CalendarUtil.java:30)
	at calendar.Appt.isValid(Appt.java:113)
	at calendar.Appt.&lt;init&gt;(Appt.java:104)
	at calendar.ApptTest.test04(ApptTest.java:123)
	at java.base/jdk.internal.reflect.NativeMethodAccessorImpl.invoke0(Native Method)
	at java.base/jdk.internal.reflect.NativeMethodAccessorImpl.invoke(NativeMethodAccessorImpl.java:62)
	at java.base/jdk.internal.reflect.DelegatingMethodAccessorImpl.invoke(DelegatingMethodAccessorImpl.java:43)
	at java.base/java.lang.reflect.Method.invoke(Method.java:564)
	at org.junit.runners.model.FrameworkMethod$1.runReflectiveCall(FrameworkMethod.java:50)
	at org.junit.internal.runners.model.ReflectiveCallable.run(ReflectiveCallable.java:12)
	at org.junit.runners.model.FrameworkMethod.invokeExplosively(FrameworkMethod.java:47)
	at org.junit.internal.runners.statements.InvokeMethod.evaluate(InvokeMethod.java:17)
	at org.junit.runners.ParentRunner.runLeaf(ParentRunner.java:325)
	at org.junit.runners.BlockJUnit4ClassRunner.runChild(BlockJUnit4ClassRunner.java:78)
	at org.junit.runners.BlockJUnit4ClassRunner.runChild(BlockJUnit4ClassRunner.java:57)
	at org.junit.runners.ParentRunner$3.run(ParentRunner.java:290)
	at org.junit.runners.ParentRunner$1.schedule(ParentRunner.java:71)
	at org.junit.runners.ParentRunner.runChildren(ParentRunner.java:288)
	at org.junit.runners.ParentRunner.access$000(ParentRunner.java:58)
	at org.junit.runners.ParentRunner$2.evaluate(ParentRunner.java:268)
	at org.junit.runners.ParentRunner.run(ParentRunner.java:363)
	at org.apache.maven.surefire.junit4.JUnit4Provider.execute(JUnit4Provider.java:252)
	at org.apache.maven.surefire.junit4.JUnit4Provider.executeTestSet(JUnit4Provider.java:141)
	at org.apache.maven.surefire.junit4.JUnit4Provider.invoke(JUnit4Provider.java:112)
	at java.base/jdk.internal.reflect.NativeMethodAccessorImpl.invoke0(Native Method)
	at java.base/jdk.internal.reflect.NativeMethodAccessorImpl.invoke(NativeMethodAccessorImpl.java:62)
	at java.base/jdk.internal.reflect.DelegatingMethodAccessorImpl.invoke(DelegatingMethodAccessorImpl.java:43)
	at java.base/java.lang.reflect.Method.invoke(Method.java:564)
	at org.apache.maven.surefire.util.ReflectionUtils.invokeMethodWithArray(ReflectionUtils.java:189)
	at org.apache.maven.surefire.booter.ProviderFactory$ProviderProxy.invoke(ProviderFactory.java:165)
	at org.apache.maven.surefire.booter.ProviderFactory.invokeProvider(ProviderFactory.java:85)
	at org.apache.maven.surefire.booter.ForkedBooter.runSuitesInProcess(ForkedBooter.java:115)
	at org.apache.maven.surefire.booter.ForkedBooter.main(ForkedBooter.java:75)
</error>
  </testcase>
  <testcase classname="calendar.ApptTest" name="test05" time="0"/>
  <testcase classname="calendar.ApptTest" name="test06" time="0"/>
  <testcase classname="calendar.ApptTest" name="test07" time="0"/>
  <testcase classname="calendar.ApptTest" name="test08" time="0"/>
  <testcase classname="calendar.ApptTest" name="test09" time="0"/>
  <testcase classname="calendar.ApptTest" name="test11" time="0"/>
  <testcase classname="calendar.ApptTest" name="test12" time="0"/>
  <testcase classname="calendar.ApptTest" name="test13" time="0.001"/>
  <testcase classname="calendar.ApptTest" name="test14" time="0"/>
  <testcase classname="calendar.ApptTest" name="test15" time="0"/>
  <testcase classname="calendar.ApptTest" name="test16" time="0"/>
</testsuite>