GROUP,PACKAGE,CLASS,INSTRUCTION_MISSED,INSTRUCTION_COVERED,BRANCH_MISSED,BRANCH_COVERED,LINE_MISSED,LINE_COVERED,COMPLEXITY_MISSED,COMPLEXITY_COVERED,METHOD_MISSED,METHOD_COVERED
Calendar,calendar,CalendarMain,420,0,24,0,89,0,14,0,2,0
Calendar,calendar,DateOutOfRangeException,3,4,0,0,2,2,1,1,1,1
Calendar,calendar,Appt,18,327,5,27,5,87,6,40,1,29
Calendar,calendar,CalDay,0,194,2,12,0,51,2,20,0,15
Calendar,calendar,CalendarUtil,20,71,7,3,6,7,6,3,1,3
Calendar,calendar,TimeTable,29,284,10,42,8,74,10,23,0,6
